#
# There is insufficient memory for the Java Runtime Environment to continue.
# Native memory allocation (mmap) failed to map 65536 bytes. Error detail: Failed to commit metaspace.
# Possible reasons:
#   The system is out of physical RAM or swap space
#   This process is running with CompressedOops enabled, and the Java Heap may be blocking the growth of the native heap
# Possible solutions:
#   Reduce memory load on the system
#   Increase physical memory or swap space
#   Check if swap backing store is full
#   Decrease Java heap size (-Xmx/-Xms)
#   Decrease number of Java threads
#   Decrease Java thread stack sizes (-Xss)
#   Set larger code cache with -XX:ReservedCodeCacheSize=
#   JVM is running with Zero Based Compressed Oops mode in which the Java heap is
#     placed in the first 32GB address space. The Java Heap base address is the
#     maximum limit for the native heap growth. Please use -XX:HeapBaseMinAddress
#     to set the Java Heap base and to place the Java Heap above 32GB virtual address.
# This output file may be truncated or incomplete.
#
#  Out of Memory Error (virtualSpaceNode.cpp:113), pid=15744, tid=19448
#
# JRE version: OpenJDK Runtime Environment (23.0.2+7) (build 23.0.2+7-58)
# Java VM: OpenJDK 64-Bit Server VM (23.0.2+7-58, mixed mode, emulated-client, sharing, tiered, compressed oops, compressed class ptrs, g1 gc, windows-amd64)
# No core dump will be written. Minidumps are not enabled by default on client versions of Windows
#

---------------  S U M M A R Y ------------

Command Line: -XX:TieredStopAtLevel=1 -Dspring.output.ansi.enabled=always -Dcom.sun.management.jmxremote -Dspring.jmx.enabled=true -Dspring.liveBeansView.mbeanDomain -Dspring.application.admin.enabled=true -Dmanagement.endpoints.jmx.exposure.include=* -javaagent:C:\Program Files\JetBrains\IntelliJ IDEA 2024.3.4.1\lib\idea_rt.jar=61404 -Dfile.encoding=UTF-8 -Dsun.stdout.encoding=UTF-8 -Dsun.stderr.encoding=UTF-8 pl.projekt.backend.BackendApplication

Host: AMD Ryzen 7 4800H with Radeon Graphics         , 16 cores, 15G,  Windows 10 , 64 bit Build 19041 (10.0.19041.5678)
Time: Sat Apr 26 23:21:17 2025  Windows 10 , 64 bit Build 19041 (10.0.19041.5678) elapsed time: 0.676490 seconds (0d 0h 0m 0s)

---------------  T H R E A D  ---------------

Current thread (0x000002368d399b70):  JavaThread "Attach Listener" daemon [_thread_in_vm, id=19448, stack(0x0000007ae1700000,0x0000007ae1800000) (1024K)]

Stack: [0x0000007ae1700000,0x0000007ae1800000]
Native frames: (J=compiled Java code, j=interpreted, Vv=VM code, C=native code)
V  [jvm.dll+0x6e0b99]  (no source info available)
V  [jvm.dll+0x87e2b3]  (no source info available)
V  [jvm.dll+0x88073e]  (no source info available)
V  [jvm.dll+0x880e13]  (no source info available)
V  [jvm.dll+0x27b006]  (no source info available)
V  [jvm.dll+0x879ebe]  (no source info available)
V  [jvm.dll+0x6822f5]  (no source info available)
V  [jvm.dll+0x68235a]  (no source info available)
V  [jvm.dll+0x684b9a]  (no source info available)
V  [jvm.dll+0x221aec]  (no source info available)
V  [jvm.dll+0x682d0e]  (no source info available)
V  [jvm.dll+0x68d0e8]  (no source info available)
V  [jvm.dll+0x2120f1]  (no source info available)
V  [jvm.dll+0x21255a]  (no source info available)
V  [jvm.dll+0x212f81]  (no source info available)
V  [jvm.dll+0x20822e]  (no source info available)
V  [jvm.dll+0x5be93f]  (no source info available)
V  [jvm.dll+0x219c3b]  (no source info available)
V  [jvm.dll+0x7f3670]  (no source info available)
V  [jvm.dll+0x7f4716]  (no source info available)
V  [jvm.dll+0x7f4d24]  (no source info available)
V  [jvm.dll+0x7f49a8]  (no source info available)
V  [jvm.dll+0x268acb]  (no source info available)
V  [jvm.dll+0x268cf6]  (no source info available)
V  [jvm.dll+0x5e1fe1]  (no source info available)
V  [jvm.dll+0x5e4634]  (no source info available)
V  [jvm.dll+0x3d592a]  (no source info available)
V  [jvm.dll+0x3d53b0]  (no source info available)
C  0x00000236f9866e5c  (no source info available)

The last pc belongs to getstatic (printed below).
Java frames: (J=compiled Java code, j=interpreted, Vv=VM code)
j  sun.rmi.server.UnicastRef.<clinit>()V+6 java.rmi@23.0.2
v  ~StubRoutines::call_stub 0x00000236f9850fcd
j  sun.management.jmxremote.ConnectorBootstrap$PermanentExporter.exportObject(Ljava/rmi/Remote;ILjava/rmi/server/RMIClientSocketFactory;Ljava/rmi/server/RMIServerSocketFactory;Ljava/io/ObjectInputFilter;)Ljava/rmi/Remote;+62 jdk.management.agent@23.0.2
j  javax.management.remote.rmi.RMIJRMPServerImpl.export(Ljava/rmi/Remote;Ljava/io/ObjectInputFilter;)V+62 java.management.rmi@23.0.2
j  javax.management.remote.rmi.RMIJRMPServerImpl.export()V+6 java.management.rmi@23.0.2
j  javax.management.remote.rmi.RMIConnectorServer.start()V+246 java.management.rmi@23.0.2
j  sun.management.jmxremote.ConnectorBootstrap.startLocalConnectorServer()Ljavax/management/remote/JMXConnectorServer;+290 jdk.management.agent@23.0.2
j  jdk.internal.agent.Agent.startLocalManagementAgent()V+13 jdk.management.agent@23.0.2
v  ~StubRoutines::call_stub 0x00000236f9850fcd
Lock stack of current Java thread (top to bottom):
LockStack[0]: javax.management.remote.rmi.RMIConnectorServer 
{0x0000000718549c20} - klass: 'javax/management/remote/rmi/RMIConnectorServer'
 - ---- fields (total size 8 words):
 - private 'listenerList' 'Ljava/util/List;' @12  a 'java/util/concurrent/CopyOnWriteArrayList'{0x0000000718549c60} (0xe30a938c)
 - private final 'executor' 'Ljava/util/concurrent/Executor;' @16  a 'javax/management/NotificationBroadcasterSupport$1'{0x0000000718eff1a0} (0xe31dfe34)
 - private final 'notifInfo' '[Ljavax/management/MBeanNotificationInfo;' @20  a 'javax/management/MBeanNotificationInfo'[0] {0x0000000718eff1b0} (0xe31dfe36)
 - private 'mbeanServer' 'Ljavax/management/MBeanServer;' @24  a 'com/sun/jmx/mbeanserver/JmxMBeanServer'{0x0000000718effc18} (0xe31dff83)
 - private 'myName' 'Ljavax/management/ObjectName;' @28  null (0x00000000)
 - private final 'connectionIds' 'Ljava/util/List;' @32  a 'java/util/ArrayList'{0x0000000718549c98} (0xe30a9393)
 - private 'state' 'I' @36  0 (0x00000000)
 - private 'address' 'Ljavax/management/remote/JMXServiceURL;' @40  a 'javax/management/remote/JMXServiceURL'{0x0000000718540438} (0xe30a8087)
 - private 'rmiServerImpl' 'Ljavax/management/remote/rmi/RMIServerImpl;' @44  null (0x00000000)
 - private final 'attributes' 'Ljava/util/Map;' @48  a 'java/util/Collections$UnmodifiableMap'{0x0000000718543dc8} (0xe30a87b9)
 - private 'defaultClassLoader' 'Ljava/lang/ClassLoader;' @52  null (0x00000000)
 - private 'boundJndiUrl' 'Ljava/lang/String;' @56  null (0x00000000)

getstatic  178 getstatic  [0x00000236f9866dc0, 0x00000236f9866fc0]  512 bytes
[MachCode]
  0x00000236f9866dc0: 4883 ec08 | c5fa 1104 | 24eb 1f48 | 83ec 10c5 | fb11 0424 | eb14 4883 | ec10 4889 | 0424 48c7 
  0x00000236f9866de0: 4424 0800 | 0000 00eb | 0150 488b | 4dd0 410f | b755 0148 | 8b49 286b | d218 488d | 4c11 080f 
  0x00000236f9866e00: b659 1281 | fbb2 0000 | 000f 84bd | 0000 00bb | b200 0000 | e805 0000 | 00e9 9900 | 0000 488b 
  0x00000236f9866e20: d348 8d44 | 2408 4c89 | 6dc0 498b | cfc5 f877 | 4989 afb0 | 0300 0049 | 8987 a003 | 0000 4883 
  0x00000236f9866e40: ec20 40f6 | c40f 0f84 | 1900 0000 | 4883 ec08 | 48b8 5053 | a94d fe7f | 0000 ffd0 | 4883 c408 
  0x00000236f9866e60: e90c 0000 | 0048 b850 | 53a9 4dfe | 7f00 00ff | d048 83c4 | 2049 c787 | a003 0000 | 0000 0000 
  0x00000236f9866e80: 49c7 87b0 | 0300 0000 | 0000 0049 | c787 a803 | 0000 0000 | 0000 c5f8 | 7749 837f | 0800 0f84 
  0x00000236f9866ea0: 0500 0000 | e917 a0fe | ff4c 8b6d | c04c 8b75 | c84e 8d74 | f500 c348 | 8b4d d041 | 0fb7 5501 
  0x00000236f9866ec0: 488b 4928 | 6bd2 1848 | 8d4c 1108 | 8b59 080f | b651 110f | b641 104c | 8b09 4d8b | 4970 4d8b 
  0x00000236f9866ee0: 0985 c00f | 850b 0000 | 0041 0fbe | 0419 50e9 | b500 0000 | 83f8 010f | 850b 0000 | 0041 0fb6 
  0x00000236f9866f00: 0419 50e9 | a100 0000 | 83f8 080f | 850e 0000 | 0041 8b04 | 1948 c1e0 | 0350 e98a | 0000 0083 
  0x00000236f9866f20: f804 0f85 | 0a00 0000 | 418b 0419 | 50e9 7700 | 0000 83f8 | 020f 850b | 0000 0041 | 0fb7 0419 
  0x00000236f9866f40: 50e9 6300 | 0000 83f8 | 030f 850b | 0000 0041 | 0fbf 0419 | 50e9 4f00 | 0000 83f8 | 050f 851a 
  0x00000236f9866f60: 0000 0049 | 8b04 1948 | 83ec 1048 | 8904 2448 | c744 2408 | 0000 0000 | e92c 0000 | 0083 f806 
  0x00000236f9866f80: 0f85 1400 | 0000 c4c1 | 7a10 0419 | 4883 ec08 | c5fa 1104 | 24e9 0f00 | 0000 c4c1 | 7b10 0419 
  0x00000236f9866fa0: 4883 ec10 | c5fb 1104 | 2441 0fb6 | 5d03 4983 | c503 49ba | d08d 344e | fe7f 0000 | 41ff 24da 
[/MachCode]

---------------  P R O C E S S  ---------------

Threads class SMR info:
_java_thread_list=0x000002368d968710, length=14, elements={
0x00000236f7390760, 0x000002368d3953a0, 0x000002368d396860, 0x000002368d397fa0,
0x000002368d399b70, 0x000002368d39ad70, 0x000002368d39bf70, 0x000002368d3a0670,
0x000002368d49a790, 0x000002368d49fe20, 0x000002368d5cbcb0, 0x000002368d5cc370,
0x000002368d96f2b0, 0x000002368d976820
}

Java Threads: ( => current thread )
  0x00000236f7390760 JavaThread "main"                              [_thread_blocked, id=19572, stack(0x0000007ae0c00000,0x0000007ae0d00000) (1024K)]
  0x000002368d3953a0 JavaThread "Reference Handler"          daemon [_thread_blocked, id=15800, stack(0x0000007ae1400000,0x0000007ae1500000) (1024K)]
  0x000002368d396860 JavaThread "Finalizer"                  daemon [_thread_blocked, id=19664, stack(0x0000007ae1500000,0x0000007ae1600000) (1024K)]
  0x000002368d397fa0 JavaThread "Signal Dispatcher"          daemon [_thread_blocked, id=5028, stack(0x0000007ae1600000,0x0000007ae1700000) (1024K)]
=>0x000002368d399b70 JavaThread "Attach Listener"            daemon [_thread_in_vm, id=19448, stack(0x0000007ae1700000,0x0000007ae1800000) (1024K)]
  0x000002368d39ad70 JavaThread "Service Thread"             daemon [_thread_blocked, id=9444, stack(0x0000007ae1800000,0x0000007ae1900000) (1024K)]
  0x000002368d39bf70 JavaThread "Monitor Deflation Thread"   daemon [_thread_blocked, id=12500, stack(0x0000007ae1900000,0x0000007ae1a00000) (1024K)]
  0x000002368d3a0670 JavaThread "C1 CompilerThread0"         daemon [_thread_blocked, id=308, stack(0x0000007ae1a00000,0x0000007ae1b00000) (1024K)]
  0x000002368d49a790 JavaThread "Common-Cleaner"             daemon [_thread_blocked, id=10212, stack(0x0000007ae1b00000,0x0000007ae1c00000) (1024K)]
  0x000002368d49fe20 JavaThread "C1 CompilerThread1"         daemon [_thread_blocked, id=15644, stack(0x0000007ae1c00000,0x0000007ae1d00000) (1024K)]
  0x000002368d5cbcb0 JavaThread "C1 CompilerThread2"         daemon [_thread_blocked, id=17200, stack(0x0000007ae1d00000,0x0000007ae1e00000) (1024K)]
  0x000002368d5cc370 JavaThread "C1 CompilerThread3"         daemon [_thread_blocked, id=16648, stack(0x0000007ae1e00000,0x0000007ae1f00000) (1024K)]
  0x000002368d96f2b0 JavaThread "Monitor Ctrl-Break"         daemon [_thread_in_native, id=15948, stack(0x0000007ae1f00000,0x0000007ae2000000) (1024K)]
  0x000002368d976820 JavaThread "Notification Thread"        daemon [_thread_blocked, id=7028, stack(0x0000007ae2000000,0x0000007ae2100000) (1024K)]
Total: 14

Other Threads:
  0x000002368d37e930 VMThread "VM Thread"                           [id=19160, stack(0x0000007ae1300000,0x0000007ae1400000) (1024K)]
  0x000002368d36c090 WatcherThread "VM Periodic Task Thread"        [id=15972, stack(0x0000007ae1200000,0x0000007ae1300000) (1024K)]
  0x00000236f97f9dd0 WorkerThread "GC Thread#0"                     [id=16520, stack(0x0000007ae0d00000,0x0000007ae0e00000) (1024K)]
  0x00000236f9810170 ConcurrentGCThread "G1 Main Marker"            [id=4300, stack(0x0000007ae0e00000,0x0000007ae0f00000) (1024K)]
  0x00000236f9811230 WorkerThread "G1 Conc#0"                       [id=12876, stack(0x0000007ae0f00000,0x0000007ae1000000) (1024K)]
  0x000002368d23e6e0 ConcurrentGCThread "G1 Refine#0"               [id=1780, stack(0x0000007ae1000000,0x0000007ae1100000) (1024K)]
  0x000002368d240080 ConcurrentGCThread "G1 Service"                [id=18656, stack(0x0000007ae1100000,0x0000007ae1200000) (1024K)]
Total: 7

Threads with active compile tasks:
Total: 0

VM state: not at safepoint (normal execution)

VM Mutex/Monitor currently owned by a thread:  ([mutex/lock_event])
[0x00007ffe4e332888] Metaspace_lock - owner thread: 0x000002368d399b70

Heap address: 0x000000070a000000, size: 3936 MB, Compressed Oops mode: Zero based, Oop shift amount: 3

CDS archive(s) mapped at: [0x000002368e000000-0x000002368ed70000-0x000002368ed70000), size 14090240, SharedBaseAddress: 0x000002368e000000, ArchiveRelocationMode: 1.
Compressed class space mapped at: 0x000002368f000000-0x00000236cf000000, reserved size: 1073741824
Narrow klass base: 0x000002368e000000, Narrow klass shift: 0, Narrow klass range: 0x41000000

GC Precious Log:
 CardTable entry size: 512
 Card Set container configuration: InlinePtr #cards 4 size 8 Array Of Cards #cards 16 size 48 Howl #buckets 8 coarsen threshold 3686 Howl Bitmap #cards 512 size 80 coarsen threshold 460 Card regions per heap region 1 cards per card region 4096
 CPUs: 16 total, 16 available
 Memory: 15741M
 Large Page Support: Disabled
 NUMA Support: Disabled
 Compressed Oops: Enabled (Zero based)
 Heap Region Size: 2M
 Heap Min Capacity: 8M
 Heap Initial Capacity: 246M
 Heap Max Capacity: 3936M
 Pre-touch: Disabled
 Parallel Workers: 13
 Concurrent Workers: 3
 Concurrent Refinement Workers: 13
 Periodic GC: Disabled

Heap:
 garbage-first heap   total reserved 4030464K, committed 251904K, used 14336K [0x000000070a000000, 0x0000000800000000)
  region size 2048K, 9 young (18432K), 0 survivors (0K)
 Metaspace       used 4025K, committed 4160K, reserved 1114112K
  class space    used 495K, committed 576K, reserved 1048576K

Heap Regions: E=young(eden), S=young(survivor), O=old, HS=humongous(starts), HC=humongous(continues), CS=collection set, F=free, TAMS=top-at-mark-start, PB=parsable bottom
|   0|0x000000070a000000, 0x000000070a000000, 0x000000070a200000|  0%| F|  |TAMS 0x000000070a000000| PB 0x000000070a000000| Untracked |  0
|   1|0x000000070a200000, 0x000000070a200000, 0x000000070a400000|  0%| F|  |TAMS 0x000000070a200000| PB 0x000000070a200000| Untracked |  0
|   2|0x000000070a400000, 0x000000070a400000, 0x000000070a600000|  0%| F|  |TAMS 0x000000070a400000| PB 0x000000070a400000| Untracked |  0
|   3|0x000000070a600000, 0x000000070a600000, 0x000000070a800000|  0%| F|  |TAMS 0x000000070a600000| PB 0x000000070a600000| Untracked |  0
|   4|0x000000070a800000, 0x000000070a800000, 0x000000070aa00000|  0%| F|  |TAMS 0x000000070a800000| PB 0x000000070a800000| Untracked |  0
|   5|0x000000070aa00000, 0x000000070aa00000, 0x000000070ac00000|  0%| F|  |TAMS 0x000000070aa00000| PB 0x000000070aa00000| Untracked |  0
|   6|0x000000070ac00000, 0x000000070ac00000, 0x000000070ae00000|  0%| F|  |TAMS 0x000000070ac00000| PB 0x000000070ac00000| Untracked |  0
|   7|0x000000070ae00000, 0x000000070ae00000, 0x000000070b000000|  0%| F|  |TAMS 0x000000070ae00000| PB 0x000000070ae00000| Untracked |  0
|   8|0x000000070b000000, 0x000000070b000000, 0x000000070b200000|  0%| F|  |TAMS 0x000000070b000000| PB 0x000000070b000000| Untracked |  0
|   9|0x000000070b200000, 0x000000070b200000, 0x000000070b400000|  0%| F|  |TAMS 0x000000070b200000| PB 0x000000070b200000| Untracked |  0
|  10|0x000000070b400000, 0x000000070b400000, 0x000000070b600000|  0%| F|  |TAMS 0x000000070b400000| PB 0x000000070b400000| Untracked |  0
|  11|0x000000070b600000, 0x000000070b600000, 0x000000070b800000|  0%| F|  |TAMS 0x000000070b600000| PB 0x000000070b600000| Untracked |  0
|  12|0x000000070b800000, 0x000000070b800000, 0x000000070ba00000|  0%| F|  |TAMS 0x000000070b800000| PB 0x000000070b800000| Untracked |  0
|  13|0x000000070ba00000, 0x000000070ba00000, 0x000000070bc00000|  0%| F|  |TAMS 0x000000070ba00000| PB 0x000000070ba00000| Untracked |  0
|  14|0x000000070bc00000, 0x000000070bc00000, 0x000000070be00000|  0%| F|  |TAMS 0x000000070bc00000| PB 0x000000070bc00000| Untracked |  0
|  15|0x000000070be00000, 0x000000070be00000, 0x000000070c000000|  0%| F|  |TAMS 0x000000070be00000| PB 0x000000070be00000| Untracked |  0
|  16|0x000000070c000000, 0x000000070c000000, 0x000000070c200000|  0%| F|  |TAMS 0x000000070c000000| PB 0x000000070c000000| Untracked |  0
|  17|0x000000070c200000, 0x000000070c200000, 0x000000070c400000|  0%| F|  |TAMS 0x000000070c200000| PB 0x000000070c200000| Untracked |  0
|  18|0x000000070c400000, 0x000000070c400000, 0x000000070c600000|  0%| F|  |TAMS 0x000000070c400000| PB 0x000000070c400000| Untracked |  0
|  19|0x000000070c600000, 0x000000070c600000, 0x000000070c800000|  0%| F|  |TAMS 0x000000070c600000| PB 0x000000070c600000| Untracked |  0
|  20|0x000000070c800000, 0x000000070c800000, 0x000000070ca00000|  0%| F|  |TAMS 0x000000070c800000| PB 0x000000070c800000| Untracked |  0
|  21|0x000000070ca00000, 0x000000070ca00000, 0x000000070cc00000|  0%| F|  |TAMS 0x000000070ca00000| PB 0x000000070ca00000| Untracked |  0
|  22|0x000000070cc00000, 0x000000070cc00000, 0x000000070ce00000|  0%| F|  |TAMS 0x000000070cc00000| PB 0x000000070cc00000| Untracked |  0
|  23|0x000000070ce00000, 0x000000070ce00000, 0x000000070d000000|  0%| F|  |TAMS 0x000000070ce00000| PB 0x000000070ce00000| Untracked |  0
|  24|0x000000070d000000, 0x000000070d000000, 0x000000070d200000|  0%| F|  |TAMS 0x000000070d000000| PB 0x000000070d000000| Untracked |  0
|  25|0x000000070d200000, 0x000000070d200000, 0x000000070d400000|  0%| F|  |TAMS 0x000000070d200000| PB 0x000000070d200000| Untracked |  0
|  26|0x000000070d400000, 0x000000070d400000, 0x000000070d600000|  0%| F|  |TAMS 0x000000070d400000| PB 0x000000070d400000| Untracked |  0
|  27|0x000000070d600000, 0x000000070d600000, 0x000000070d800000|  0%| F|  |TAMS 0x000000070d600000| PB 0x000000070d600000| Untracked |  0
|  28|0x000000070d800000, 0x000000070d800000, 0x000000070da00000|  0%| F|  |TAMS 0x000000070d800000| PB 0x000000070d800000| Untracked |  0
|  29|0x000000070da00000, 0x000000070da00000, 0x000000070dc00000|  0%| F|  |TAMS 0x000000070da00000| PB 0x000000070da00000| Untracked |  0
|  30|0x000000070dc00000, 0x000000070dc00000, 0x000000070de00000|  0%| F|  |TAMS 0x000000070dc00000| PB 0x000000070dc00000| Untracked |  0
|  31|0x000000070de00000, 0x000000070de00000, 0x000000070e000000|  0%| F|  |TAMS 0x000000070de00000| PB 0x000000070de00000| Untracked |  0
|  32|0x000000070e000000, 0x000000070e000000, 0x000000070e200000|  0%| F|  |TAMS 0x000000070e000000| PB 0x000000070e000000| Untracked |  0
|  33|0x000000070e200000, 0x000000070e200000, 0x000000070e400000|  0%| F|  |TAMS 0x000000070e200000| PB 0x000000070e200000| Untracked |  0
|  34|0x000000070e400000, 0x000000070e400000, 0x000000070e600000|  0%| F|  |TAMS 0x000000070e400000| PB 0x000000070e400000| Untracked |  0
|  35|0x000000070e600000, 0x000000070e600000, 0x000000070e800000|  0%| F|  |TAMS 0x000000070e600000| PB 0x000000070e600000| Untracked |  0
|  36|0x000000070e800000, 0x000000070e800000, 0x000000070ea00000|  0%| F|  |TAMS 0x000000070e800000| PB 0x000000070e800000| Untracked |  0
|  37|0x000000070ea00000, 0x000000070ea00000, 0x000000070ec00000|  0%| F|  |TAMS 0x000000070ea00000| PB 0x000000070ea00000| Untracked |  0
|  38|0x000000070ec00000, 0x000000070ec00000, 0x000000070ee00000|  0%| F|  |TAMS 0x000000070ec00000| PB 0x000000070ec00000| Untracked |  0
|  39|0x000000070ee00000, 0x000000070ee00000, 0x000000070f000000|  0%| F|  |TAMS 0x000000070ee00000| PB 0x000000070ee00000| Untracked |  0
|  40|0x000000070f000000, 0x000000070f000000, 0x000000070f200000|  0%| F|  |TAMS 0x000000070f000000| PB 0x000000070f000000| Untracked |  0
|  41|0x000000070f200000, 0x000000070f200000, 0x000000070f400000|  0%| F|  |TAMS 0x000000070f200000| PB 0x000000070f200000| Untracked |  0
|  42|0x000000070f400000, 0x000000070f400000, 0x000000070f600000|  0%| F|  |TAMS 0x000000070f400000| PB 0x000000070f400000| Untracked |  0
|  43|0x000000070f600000, 0x000000070f600000, 0x000000070f800000|  0%| F|  |TAMS 0x000000070f600000| PB 0x000000070f600000| Untracked |  0
|  44|0x000000070f800000, 0x000000070f800000, 0x000000070fa00000|  0%| F|  |TAMS 0x000000070f800000| PB 0x000000070f800000| Untracked |  0
|  45|0x000000070fa00000, 0x000000070fa00000, 0x000000070fc00000|  0%| F|  |TAMS 0x000000070fa00000| PB 0x000000070fa00000| Untracked |  0
|  46|0x000000070fc00000, 0x000000070fc00000, 0x000000070fe00000|  0%| F|  |TAMS 0x000000070fc00000| PB 0x000000070fc00000| Untracked |  0
|  47|0x000000070fe00000, 0x000000070fe00000, 0x0000000710000000|  0%| F|  |TAMS 0x000000070fe00000| PB 0x000000070fe00000| Untracked |  0
|  48|0x0000000710000000, 0x0000000710000000, 0x0000000710200000|  0%| F|  |TAMS 0x0000000710000000| PB 0x0000000710000000| Untracked |  0
|  49|0x0000000710200000, 0x0000000710200000, 0x0000000710400000|  0%| F|  |TAMS 0x0000000710200000| PB 0x0000000710200000| Untracked |  0
|  50|0x0000000710400000, 0x0000000710400000, 0x0000000710600000|  0%| F|  |TAMS 0x0000000710400000| PB 0x0000000710400000| Untracked |  0
|  51|0x0000000710600000, 0x0000000710600000, 0x0000000710800000|  0%| F|  |TAMS 0x0000000710600000| PB 0x0000000710600000| Untracked |  0
|  52|0x0000000710800000, 0x0000000710800000, 0x0000000710a00000|  0%| F|  |TAMS 0x0000000710800000| PB 0x0000000710800000| Untracked |  0
|  53|0x0000000710a00000, 0x0000000710a00000, 0x0000000710c00000|  0%| F|  |TAMS 0x0000000710a00000| PB 0x0000000710a00000| Untracked |  0
|  54|0x0000000710c00000, 0x0000000710c00000, 0x0000000710e00000|  0%| F|  |TAMS 0x0000000710c00000| PB 0x0000000710c00000| Untracked |  0
|  55|0x0000000710e00000, 0x0000000710e00000, 0x0000000711000000|  0%| F|  |TAMS 0x0000000710e00000| PB 0x0000000710e00000| Untracked |  0
|  56|0x0000000711000000, 0x0000000711000000, 0x0000000711200000|  0%| F|  |TAMS 0x0000000711000000| PB 0x0000000711000000| Untracked |  0
|  57|0x0000000711200000, 0x0000000711200000, 0x0000000711400000|  0%| F|  |TAMS 0x0000000711200000| PB 0x0000000711200000| Untracked |  0
|  58|0x0000000711400000, 0x0000000711400000, 0x0000000711600000|  0%| F|  |TAMS 0x0000000711400000| PB 0x0000000711400000| Untracked |  0
|  59|0x0000000711600000, 0x0000000711600000, 0x0000000711800000|  0%| F|  |TAMS 0x0000000711600000| PB 0x0000000711600000| Untracked |  0
|  60|0x0000000711800000, 0x0000000711800000, 0x0000000711a00000|  0%| F|  |TAMS 0x0000000711800000| PB 0x0000000711800000| Untracked |  0
|  61|0x0000000711a00000, 0x0000000711a00000, 0x0000000711c00000|  0%| F|  |TAMS 0x0000000711a00000| PB 0x0000000711a00000| Untracked |  0
|  62|0x0000000711c00000, 0x0000000711c00000, 0x0000000711e00000|  0%| F|  |TAMS 0x0000000711c00000| PB 0x0000000711c00000| Untracked |  0
|  63|0x0000000711e00000, 0x0000000711e00000, 0x0000000712000000|  0%| F|  |TAMS 0x0000000711e00000| PB 0x0000000711e00000| Untracked |  0
|  64|0x0000000712000000, 0x0000000712000000, 0x0000000712200000|  0%| F|  |TAMS 0x0000000712000000| PB 0x0000000712000000| Untracked |  0
|  65|0x0000000712200000, 0x0000000712200000, 0x0000000712400000|  0%| F|  |TAMS 0x0000000712200000| PB 0x0000000712200000| Untracked |  0
|  66|0x0000000712400000, 0x0000000712400000, 0x0000000712600000|  0%| F|  |TAMS 0x0000000712400000| PB 0x0000000712400000| Untracked |  0
|  67|0x0000000712600000, 0x0000000712600000, 0x0000000712800000|  0%| F|  |TAMS 0x0000000712600000| PB 0x0000000712600000| Untracked |  0
|  68|0x0000000712800000, 0x0000000712800000, 0x0000000712a00000|  0%| F|  |TAMS 0x0000000712800000| PB 0x0000000712800000| Untracked |  0
|  69|0x0000000712a00000, 0x0000000712a00000, 0x0000000712c00000|  0%| F|  |TAMS 0x0000000712a00000| PB 0x0000000712a00000| Untracked |  0
|  70|0x0000000712c00000, 0x0000000712c00000, 0x0000000712e00000|  0%| F|  |TAMS 0x0000000712c00000| PB 0x0000000712c00000| Untracked |  0
|  71|0x0000000712e00000, 0x0000000712e00000, 0x0000000713000000|  0%| F|  |TAMS 0x0000000712e00000| PB 0x0000000712e00000| Untracked |  0
|  72|0x0000000713000000, 0x0000000713000000, 0x0000000713200000|  0%| F|  |TAMS 0x0000000713000000| PB 0x0000000713000000| Untracked |  0
|  73|0x0000000713200000, 0x0000000713200000, 0x0000000713400000|  0%| F|  |TAMS 0x0000000713200000| PB 0x0000000713200000| Untracked |  0
|  74|0x0000000713400000, 0x0000000713400000, 0x0000000713600000|  0%| F|  |TAMS 0x0000000713400000| PB 0x0000000713400000| Untracked |  0
|  75|0x0000000713600000, 0x0000000713600000, 0x0000000713800000|  0%| F|  |TAMS 0x0000000713600000| PB 0x0000000713600000| Untracked |  0
|  76|0x0000000713800000, 0x0000000713800000, 0x0000000713a00000|  0%| F|  |TAMS 0x0000000713800000| PB 0x0000000713800000| Untracked |  0
|  77|0x0000000713a00000, 0x0000000713a00000, 0x0000000713c00000|  0%| F|  |TAMS 0x0000000713a00000| PB 0x0000000713a00000| Untracked |  0
|  78|0x0000000713c00000, 0x0000000713c00000, 0x0000000713e00000|  0%| F|  |TAMS 0x0000000713c00000| PB 0x0000000713c00000| Untracked |  0
|  79|0x0000000713e00000, 0x0000000713e00000, 0x0000000714000000|  0%| F|  |TAMS 0x0000000713e00000| PB 0x0000000713e00000| Untracked |  0
|  80|0x0000000714000000, 0x0000000714000000, 0x0000000714200000|  0%| F|  |TAMS 0x0000000714000000| PB 0x0000000714000000| Untracked |  0
|  81|0x0000000714200000, 0x0000000714200000, 0x0000000714400000|  0%| F|  |TAMS 0x0000000714200000| PB 0x0000000714200000| Untracked |  0
|  82|0x0000000714400000, 0x0000000714400000, 0x0000000714600000|  0%| F|  |TAMS 0x0000000714400000| PB 0x0000000714400000| Untracked |  0
|  83|0x0000000714600000, 0x0000000714600000, 0x0000000714800000|  0%| F|  |TAMS 0x0000000714600000| PB 0x0000000714600000| Untracked |  0
|  84|0x0000000714800000, 0x0000000714800000, 0x0000000714a00000|  0%| F|  |TAMS 0x0000000714800000| PB 0x0000000714800000| Untracked |  0
|  85|0x0000000714a00000, 0x0000000714a00000, 0x0000000714c00000|  0%| F|  |TAMS 0x0000000714a00000| PB 0x0000000714a00000| Untracked |  0
|  86|0x0000000714c00000, 0x0000000714c00000, 0x0000000714e00000|  0%| F|  |TAMS 0x0000000714c00000| PB 0x0000000714c00000| Untracked |  0
|  87|0x0000000714e00000, 0x0000000714e00000, 0x0000000715000000|  0%| F|  |TAMS 0x0000000714e00000| PB 0x0000000714e00000| Untracked |  0
|  88|0x0000000715000000, 0x0000000715000000, 0x0000000715200000|  0%| F|  |TAMS 0x0000000715000000| PB 0x0000000715000000| Untracked |  0
|  89|0x0000000715200000, 0x0000000715200000, 0x0000000715400000|  0%| F|  |TAMS 0x0000000715200000| PB 0x0000000715200000| Untracked |  0
|  90|0x0000000715400000, 0x0000000715400000, 0x0000000715600000|  0%| F|  |TAMS 0x0000000715400000| PB 0x0000000715400000| Untracked |  0
|  91|0x0000000715600000, 0x0000000715600000, 0x0000000715800000|  0%| F|  |TAMS 0x0000000715600000| PB 0x0000000715600000| Untracked |  0
|  92|0x0000000715800000, 0x0000000715800000, 0x0000000715a00000|  0%| F|  |TAMS 0x0000000715800000| PB 0x0000000715800000| Untracked |  0
|  93|0x0000000715a00000, 0x0000000715a00000, 0x0000000715c00000|  0%| F|  |TAMS 0x0000000715a00000| PB 0x0000000715a00000| Untracked |  0
|  94|0x0000000715c00000, 0x0000000715c00000, 0x0000000715e00000|  0%| F|  |TAMS 0x0000000715c00000| PB 0x0000000715c00000| Untracked |  0
|  95|0x0000000715e00000, 0x0000000715e00000, 0x0000000716000000|  0%| F|  |TAMS 0x0000000715e00000| PB 0x0000000715e00000| Untracked |  0
|  96|0x0000000716000000, 0x0000000716000000, 0x0000000716200000|  0%| F|  |TAMS 0x0000000716000000| PB 0x0000000716000000| Untracked |  0
|  97|0x0000000716200000, 0x0000000716200000, 0x0000000716400000|  0%| F|  |TAMS 0x0000000716200000| PB 0x0000000716200000| Untracked |  0
|  98|0x0000000716400000, 0x0000000716400000, 0x0000000716600000|  0%| F|  |TAMS 0x0000000716400000| PB 0x0000000716400000| Untracked |  0
|  99|0x0000000716600000, 0x0000000716600000, 0x0000000716800000|  0%| F|  |TAMS 0x0000000716600000| PB 0x0000000716600000| Untracked |  0
| 100|0x0000000716800000, 0x0000000716800000, 0x0000000716a00000|  0%| F|  |TAMS 0x0000000716800000| PB 0x0000000716800000| Untracked |  0
| 101|0x0000000716a00000, 0x0000000716a00000, 0x0000000716c00000|  0%| F|  |TAMS 0x0000000716a00000| PB 0x0000000716a00000| Untracked |  0
| 102|0x0000000716c00000, 0x0000000716c00000, 0x0000000716e00000|  0%| F|  |TAMS 0x0000000716c00000| PB 0x0000000716c00000| Untracked |  0
| 103|0x0000000716e00000, 0x0000000716e00000, 0x0000000717000000|  0%| F|  |TAMS 0x0000000716e00000| PB 0x0000000716e00000| Untracked |  0
| 104|0x0000000717000000, 0x0000000717000000, 0x0000000717200000|  0%| F|  |TAMS 0x0000000717000000| PB 0x0000000717000000| Untracked |  0
| 105|0x0000000717200000, 0x0000000717200000, 0x0000000717400000|  0%| F|  |TAMS 0x0000000717200000| PB 0x0000000717200000| Untracked |  0
| 106|0x0000000717400000, 0x0000000717400000, 0x0000000717600000|  0%| F|  |TAMS 0x0000000717400000| PB 0x0000000717400000| Untracked |  0
| 107|0x0000000717600000, 0x0000000717600000, 0x0000000717800000|  0%| F|  |TAMS 0x0000000717600000| PB 0x0000000717600000| Untracked |  0
| 108|0x0000000717800000, 0x0000000717800000, 0x0000000717a00000|  0%| F|  |TAMS 0x0000000717800000| PB 0x0000000717800000| Untracked |  0
| 109|0x0000000717a00000, 0x0000000717a00000, 0x0000000717c00000|  0%| F|  |TAMS 0x0000000717a00000| PB 0x0000000717a00000| Untracked |  0
| 110|0x0000000717c00000, 0x0000000717c00000, 0x0000000717e00000|  0%| F|  |TAMS 0x0000000717c00000| PB 0x0000000717c00000| Untracked |  0
| 111|0x0000000717e00000, 0x0000000717e00000, 0x0000000718000000|  0%| F|  |TAMS 0x0000000717e00000| PB 0x0000000717e00000| Untracked |  0
| 112|0x0000000718000000, 0x0000000718000000, 0x0000000718200000|  0%| F|  |TAMS 0x0000000718000000| PB 0x0000000718000000| Untracked |  0
| 113|0x0000000718200000, 0x0000000718200000, 0x0000000718400000|  0%| F|  |TAMS 0x0000000718200000| PB 0x0000000718200000| Untracked |  0
| 114|0x0000000718400000, 0x0000000718570a98, 0x0000000718600000| 72%| E|  |TAMS 0x0000000718400000| PB 0x0000000718400000| Complete |  0
| 115|0x0000000718600000, 0x0000000718800000, 0x0000000718800000|100%| E|CS|TAMS 0x0000000718600000| PB 0x0000000718600000| Complete |  0
| 116|0x0000000718800000, 0x0000000718a00000, 0x0000000718a00000|100%| E|CS|TAMS 0x0000000718800000| PB 0x0000000718800000| Complete |  0
| 117|0x0000000718a00000, 0x0000000718c00000, 0x0000000718c00000|100%| E|CS|TAMS 0x0000000718a00000| PB 0x0000000718a00000| Complete |  0
| 118|0x0000000718c00000, 0x0000000718e00000, 0x0000000718e00000|100%| E|CS|TAMS 0x0000000718c00000| PB 0x0000000718c00000| Complete |  0
| 119|0x0000000718e00000, 0x0000000719000000, 0x0000000719000000|100%| E|  |TAMS 0x0000000718e00000| PB 0x0000000718e00000| Complete |  0
| 120|0x0000000719000000, 0x0000000719200000, 0x0000000719200000|100%| E|CS|TAMS 0x0000000719000000| PB 0x0000000719000000| Complete |  0
| 121|0x0000000719200000, 0x0000000719400000, 0x0000000719400000|100%| E|CS|TAMS 0x0000000719200000| PB 0x0000000719200000| Complete |  0
| 122|0x0000000719400000, 0x0000000719600000, 0x0000000719600000|100%| E|CS|TAMS 0x0000000719400000| PB 0x0000000719400000| Complete |  0

Card table byte_map: [0x00000236fd770000,0x00000236fdf20000] _byte_map_base: 0x00000236f9f20000

Marking Bits: (CMBitMap*) 0x00000236f97fc300
 Bits: [0x0000023688670000, 0x000002368c3f0000)

Polling page: 0x00000236f75b0000

Metaspace:

Usage:
  Non-class:      3.45 MB used.
      Class:    495.61 KB used.
       Both:      3.93 MB used.

Virtual space:
  Non-class space:       64.00 MB reserved,       3.50 MB (  5%) committed,  1 nodes.
      Class space:        1.00 GB reserved,     576.00 KB ( <1%) committed,  1 nodes.
             Both:        1.06 GB reserved,       4.06 MB ( <1%) committed. 

Chunk freelists:
   Non-Class:  11.89 MB
       Class:  15.25 MB
        Both:  27.14 MB

MaxMetaspaceSize: unlimited
CompressedClassSpaceSize: 1.00 GB
Initial GC threshold: 21.00 MB
Current GC threshold: 21.00 MB
CDS: on
 - commit_granule_bytes: 65536.
 - commit_granule_words: 8192.
 - virtual_space_node_default_size: 8388608.
 - enlarge_chunks_in_place: 1.
 - use_allocation_guard: 0.


Internal statistics:

num_allocs_failed_limit: 0.
num_arena_births: 102.
num_arena_deaths: 0.
num_vsnodes_births: 2.
num_vsnodes_deaths: 0.
num_space_committed: 65.
num_space_uncommitted: 0.
num_chunks_returned_to_freelist: 0.
num_chunks_taken_from_freelist: 112.
num_chunk_merges: 0.
num_chunk_splits: 77.
num_chunks_enlarged: 46.
num_inconsistent_stats: 0.

CodeCache: size=49152Kb used=4139Kb max_used=4139Kb free=45012Kb
 bounds [0x00000236f9850000, 0x00000236f9c60000, 0x00000236fc850000]
 total_blobs=1590, nmethods=1123, adapters=390, full_count=0
Compilation: enabled, stopped_count=0, restarted_count=0

Compilation events (20 events):
Event: 0.668 Thread 0x000002368d5cbcb0 1114       1       java.util.logging.LogManager$LoggerContext::getOwner (5 bytes)
Event: 0.668 Thread 0x000002368d5cbcb0 nmethod 1114 0x00000236f9c58b88 code [0x00000236f9c58ca0, 0x00000236f9c58d70]
Event: 0.669 Thread 0x000002368d5cbcb0 1115       1       jdk.internal.org.objectweb.asm.MethodWriter::visitInsn (115 bytes)
Event: 0.669 Thread 0x000002368d3a0670 1116       1       java.lang.invoke.MemberName::changeReferenceKind (46 bytes)
Event: 0.669 Thread 0x000002368d3a0670 nmethod 1116 0x00000236f9c58e88 code [0x00000236f9c58fa0, 0x00000236f9c59078]
Event: 0.669 Thread 0x000002368d5cbcb0 nmethod 1115 0x00000236f9c59188 code [0x00000236f9c592c0, 0x00000236f9c594f8]
Event: 0.669 Thread 0x000002368d5cbcb0 1117   !   1       java.lang.invoke.MethodHandle::setVarargs (50 bytes)
Event: 0.669 Thread 0x000002368d49fe20 1118       1       java.lang.invoke.MemberName::isVarargs (23 bytes)
Event: 0.669 Thread 0x000002368d3a0670 1119       1       java.lang.invoke.MethodHandleNatives::findMethodHandleType (7 bytes)
Event: 0.670 Thread 0x000002368d3a0670 nmethod 1119 0x00000236f9c59588 code [0x00000236f9c596a0, 0x00000236f9c59768]
Event: 0.670 Thread 0x000002368d49fe20 nmethod 1118 0x00000236f9c59888 code [0x00000236f9c599a0, 0x00000236f9c59ac0]
Event: 0.670 Thread 0x000002368d5cbcb0 nmethod 1117 0x00000236f9c59b88 code [0x00000236f9c59d20, 0x00000236f9c5a170]
Event: 0.673 Thread 0x000002368d5cbcb0 1120       1       java.lang.Enum::equals (11 bytes)
Event: 0.674 Thread 0x000002368d5cbcb0 nmethod 1120 0x00000236f9c5a208 code [0x00000236f9c5a320, 0x00000236f9c5a3f8]
Event: 0.674 Thread 0x000002368d5cbcb0 1121       1       sun.invoke.util.VerifyAccess::ensureTypeVisible (47 bytes)
Event: 0.674 Thread 0x000002368d5cbcb0 nmethod 1121 0x00000236f9c5a508 code [0x00000236f9c5a640, 0x00000236f9c5a830]
Event: 0.674 Thread 0x000002368d5cbcb0 1122       1       java.lang.invoke.MethodHandleNatives::isCallerSensitive (29 bytes)
Event: 0.674 Thread 0x000002368d49fe20 1123       1       java.lang.invoke.MethodHandleNatives::canBeCalledVirtual (49 bytes)
Event: 0.674 Thread 0x000002368d5cbcb0 nmethod 1122 0x00000236f9c5a888 code [0x00000236f9c5a9a0, 0x00000236f9c5ab00]
Event: 0.674 Thread 0x000002368d49fe20 nmethod 1123 0x00000236f9c5ab88 code [0x00000236f9c5acc0, 0x00000236f9c5ae88]

GC Heap History (0 events):
No events

Dll operation events (10 events):
Event: 0.015 Loaded shared library C:\Users\Kamil\.jdks\openjdk-23.0.2\bin\java.dll
Event: 0.332 Loaded shared library C:\Users\Kamil\.jdks\openjdk-23.0.2\bin\zip.dll
Event: 0.335 Loaded shared library C:\Users\Kamil\.jdks\openjdk-23.0.2\bin\instrument.dll
Event: 0.339 Loaded shared library C:\Users\Kamil\.jdks\openjdk-23.0.2\bin\net.dll
Event: 0.341 Loaded shared library C:\Users\Kamil\.jdks\openjdk-23.0.2\bin\nio.dll
Event: 0.343 Loaded shared library C:\Users\Kamil\.jdks\openjdk-23.0.2\bin\zip.dll
Event: 0.392 Loaded shared library C:\Users\Kamil\.jdks\openjdk-23.0.2\bin\jimage.dll
Event: 0.503 Loaded shared library C:\Users\Kamil\.jdks\openjdk-23.0.2\bin\extnet.dll
Event: 0.506 Loaded shared library C:\Users\Kamil\.jdks\openjdk-23.0.2\bin\management.dll
Event: 0.518 Loaded shared library C:\Users\Kamil\.jdks\openjdk-23.0.2\bin\management_ext.dll

Deoptimization events (0 events):
No events

Classes loaded (20 events):
Event: 0.673 Loading class jdk/internal/access/JavaObjectInputFilterAccess done
Event: 0.674 Loading class java/io/ObjectInputFilter$Config$Global
Event: 0.674 Loading class java/io/ObjectInputFilter$Config$Global done
Event: 0.674 Loading class java/io/ObjectInputFilter$Status
Event: 0.674 Loading class java/io/ObjectInputFilter$Status done
Event: 0.674 Loading class sun/rmi/server/UnicastServerRef2
Event: 0.674 Loading class sun/rmi/server/UnicastServerRef
Event: 0.675 Loading class java/rmi/server/ServerRef
Event: 0.675 Loading class java/rmi/server/RemoteRef
Event: 0.675 Loading class java/io/Externalizable
Event: 0.675 Loading class java/io/Externalizable done
Event: 0.675 Loading class java/rmi/server/RemoteRef done
Event: 0.675 Loading class java/rmi/server/ServerRef done
Event: 0.675 Loading class sun/rmi/server/Dispatcher
Event: 0.675 Loading class sun/rmi/server/Dispatcher done
Event: 0.675 Loading class sun/rmi/server/UnicastRef
Event: 0.675 Loading class sun/rmi/server/UnicastRef done
Event: 0.675 Loading class sun/rmi/server/UnicastServerRef done
Event: 0.675 Loading class sun/rmi/server/UnicastServerRef2 done
Event: 0.676 Loading class sun/rmi/server/Util

Classes unloaded (0 events):
No events

Classes redefined (0 events):
No events

Internal exceptions (8 events):
Event: 0.492 Thread 0x00000236f7390760 Exception <a 'java/lang/NoSuchMethodError'{0x0000000718ae83e8}: 'java.lang.Object java.lang.invoke.Invokers$Holder.invokeExact_MT(java.lang.Object, java.lang.Object, java.lang.Object, java.lang.Object, java.lang.Object)'> (0x0000000718ae83e8) 
thrown [s\open\src\hotspot\share\interpreter\linkResolver.cpp, line 796]
Event: 0.504 Thread 0x000002368d96f2b0 Exception <a 'java/lang/NoSuchMethodError'{0x0000000718b77b90}: 'void java.lang.invoke.DirectMethodHandle$Holder.invokeStatic(java.lang.Object, java.lang.Object)'> (0x0000000718b77b90) 
thrown [s\open\src\hotspot\share\interpreter\linkResolver.cpp, line 796]
Event: 0.521 Thread 0x000002368d399b70 Exception <a 'java/lang/NoSuchMethodError'{0x0000000718f0ba68}: 'int java.lang.invoke.DirectMethodHandle$Holder.invokeInterface(java.lang.Object, java.lang.Object)'> (0x0000000718f0ba68) 
thrown [s\open\src\hotspot\share\interpreter\linkResolver.cpp, line 796]
Event: 0.521 Thread 0x000002368d399b70 Exception <a 'java/lang/IncompatibleClassChangeError'{0x0000000718f0ec90}: Found class java.lang.Object, but interface was expected> (0x0000000718f0ec90) 
thrown [s\open\src\hotspot\share\interpreter\linkResolver.cpp, line 863]
Event: 0.568 Thread 0x000002368d399b70 Exception <a 'java/lang/NoSuchMethodError'{0x000000071889f9f0}: 'void java.lang.invoke.DirectMethodHandle$Holder.invokeSpecial(java.lang.Object, java.lang.Object, java.lang.Object)'> (0x000000071889f9f0) 
thrown [s\open\src\hotspot\share\interpreter\linkResolver.cpp, line 796]
Event: 0.569 Thread 0x000002368d399b70 Exception <a 'java/lang/NoSuchMethodError'{0x00000007188a92a0}: 'void java.lang.invoke.DirectMethodHandle$Holder.invokeStatic(java.lang.Object, int, java.lang.Object)'> (0x00000007188a92a0) 
thrown [s\open\src\hotspot\share\interpreter\linkResolver.cpp, line 796]
Event: 0.583 Thread 0x000002368d399b70 Exception <a 'java/lang/NoSuchMethodError'{0x00000007188efcb8}: 'int java.lang.invoke.DirectMethodHandle$Holder.invokeSpecial(java.lang.Object, java.lang.Object, java.lang.Object)'> (0x00000007188efcb8) 
thrown [s\open\src\hotspot\share\interpreter\linkResolver.cpp, line 796]
Event: 0.613 Thread 0x000002368d399b70 Exception <a 'java/lang/NoSuchMethodError'{0x000000071863b720}: 'java.lang.Object java.lang.invoke.DirectMethodHandle$Holder.invokeStaticInit(java.lang.Object, java.lang.Object, java.lang.Object)'> (0x000000071863b720) 
thrown [s\open\src\hotspot\share\interpreter\linkResolver.cpp, line 796]

VM Operations (12 events):
Event: 0.324 Executing VM operation: HandshakeAllThreads (Deoptimize)
Event: 0.324 Executing VM operation: HandshakeAllThreads (Deoptimize) done
Event: 0.400 Executing VM operation: HandshakeAllThreads (Deoptimize)
Event: 0.400 Executing VM operation: HandshakeAllThreads (Deoptimize) done
Event: 0.405 Executing VM operation: HandshakeAllThreads (Deoptimize)
Event: 0.405 Executing VM operation: HandshakeAllThreads (Deoptimize) done
Event: 0.492 Executing VM operation: HandshakeAllThreads (Deoptimize)
Event: 0.492 Executing VM operation: HandshakeAllThreads (Deoptimize) done
Event: 0.514 Executing VM operation: HandshakeAllThreads (Deoptimize)
Event: 0.514 Executing VM operation: HandshakeAllThreads (Deoptimize) done
Event: 0.525 Executing VM operation: HandshakeAllThreads (Deoptimize)
Event: 0.525 Executing VM operation: HandshakeAllThreads (Deoptimize) done

Memory protections (0 events):
No events

Nmethod flushes (0 events):
No events

Events (14 events):
Event: 0.244 Thread 0x00000236f7390760 Thread added: 0x00000236f7390760
Event: 0.274 Thread 0x00000236f7390760 Thread added: 0x000002368d3953a0
Event: 0.274 Thread 0x00000236f7390760 Thread added: 0x000002368d396860
Event: 0.275 Thread 0x00000236f7390760 Thread added: 0x000002368d397fa0
Event: 0.275 Thread 0x00000236f7390760 Thread added: 0x000002368d399b70
Event: 0.275 Thread 0x00000236f7390760 Thread added: 0x000002368d39ad70
Event: 0.275 Thread 0x00000236f7390760 Thread added: 0x000002368d39bf70
Event: 0.275 Thread 0x00000236f7390760 Thread added: 0x000002368d3a0670
Event: 0.319 Thread 0x00000236f7390760 Thread added: 0x000002368d49a790
Event: 0.320 Thread 0x000002368d3a0670 Thread added: 0x000002368d49fe20
Event: 0.370 Thread 0x000002368d3a0670 Thread added: 0x000002368d5cbcb0
Event: 0.370 Thread 0x000002368d3a0670 Thread added: 0x000002368d5cc370
Event: 0.495 Thread 0x00000236f7390760 Thread added: 0x000002368d96f2b0
Event: 0.496 Thread 0x00000236f7390760 Thread added: 0x000002368d976820


Dynamic libraries:
0x00007ff7e1c60000 - 0x00007ff7e1c6e000 	C:\Users\Kamil\.jdks\openjdk-23.0.2\bin\java.exe
0x00007ffe820d0000 - 0x00007ffe822c8000 	C:\Windows\SYSTEM32\ntdll.dll
0x00007ffe80590000 - 0x00007ffe80652000 	C:\Windows\System32\KERNEL32.DLL
0x00007ffe7fdf0000 - 0x00007ffe800e6000 	C:\Windows\System32\KERNELBASE.dll
0x00007ffe7f880000 - 0x00007ffe7f980000 	C:\Windows\System32\ucrtbase.dll
0x00007ffe76710000 - 0x00007ffe76727000 	C:\Users\Kamil\.jdks\openjdk-23.0.2\bin\jli.dll
0x00007ffe77de0000 - 0x00007ffe77dfb000 	C:\Users\Kamil\.jdks\openjdk-23.0.2\bin\VCRUNTIME140.dll
0x00007ffe81e50000 - 0x00007ffe81fed000 	C:\Windows\System32\USER32.dll
0x00007ffe68a20000 - 0x00007ffe68cba000 	C:\Windows\WinSxS\amd64_microsoft.windows.common-controls_6595b64144ccf1df_6.0.19041.4355_none_60b8b9eb71f62e16\COMCTL32.dll
0x00007ffe7fc90000 - 0x00007ffe7fcb2000 	C:\Windows\System32\win32u.dll
0x00007ffe80850000 - 0x00007ffe808ee000 	C:\Windows\System32\msvcrt.dll
0x00007ffe80820000 - 0x00007ffe8084b000 	C:\Windows\System32\GDI32.dll
0x00007ffe7fb70000 - 0x00007ffe7fc8a000 	C:\Windows\System32\gdi32full.dll
0x00007ffe7f760000 - 0x00007ffe7f7fd000 	C:\Windows\System32\msvcp_win.dll
0x00007ffe801a0000 - 0x00007ffe801cf000 	C:\Windows\System32\IMM32.DLL
0x00007ffe7caf0000 - 0x00007ffe7cafc000 	C:\Users\Kamil\.jdks\openjdk-23.0.2\bin\vcruntime140_1.dll
0x00007ffe70330000 - 0x00007ffe703be000 	C:\Users\Kamil\.jdks\openjdk-23.0.2\bin\msvcp140.dll
0x00007ffe4d6c0000 - 0x00007ffe4e410000 	C:\Users\Kamil\.jdks\openjdk-23.0.2\bin\server\jvm.dll
0x00007ffe800f0000 - 0x00007ffe8019f000 	C:\Windows\System32\ADVAPI32.dll
0x00007ffe81b30000 - 0x00007ffe81bcf000 	C:\Windows\System32\sechost.dll
0x00007ffe81cc0000 - 0x00007ffe81de3000 	C:\Windows\System32\RPCRT4.dll
0x00007ffe7f800000 - 0x00007ffe7f827000 	C:\Windows\System32\bcrypt.dll
0x00007ffe81110000 - 0x00007ffe8117b000 	C:\Windows\System32\WS2_32.dll
0x00007ffe7ecb0000 - 0x00007ffe7ecfb000 	C:\Windows\SYSTEM32\POWRPROF.dll
0x00007ffe74910000 - 0x00007ffe74937000 	C:\Windows\SYSTEM32\WINMM.dll
0x00007ffe75680000 - 0x00007ffe7568a000 	C:\Windows\SYSTEM32\VERSION.dll
0x00007ffe7eb20000 - 0x00007ffe7eb32000 	C:\Windows\SYSTEM32\UMPDC.dll
0x00007ffe7d5a0000 - 0x00007ffe7d5b2000 	C:\Windows\SYSTEM32\kernel.appcore.dll
0x00007ffe7b180000 - 0x00007ffe7b18a000 	C:\Users\Kamil\.jdks\openjdk-23.0.2\bin\jimage.dll
0x00007ffe73fb0000 - 0x00007ffe74194000 	C:\Windows\SYSTEM32\DBGHELP.DLL
0x00007ffe65950000 - 0x00007ffe65984000 	C:\Windows\SYSTEM32\dbgcore.DLL
0x00007ffe7fae0000 - 0x00007ffe7fb62000 	C:\Windows\System32\bcryptPrimitives.dll
0x00007ffe78a10000 - 0x00007ffe78a1f000 	C:\Users\Kamil\.jdks\openjdk-23.0.2\bin\instrument.dll
0x00007ffe76650000 - 0x00007ffe7666e000 	C:\Users\Kamil\.jdks\openjdk-23.0.2\bin\java.dll
0x00007ffe81340000 - 0x00007ffe8146b000 	C:\Windows\System32\ole32.dll
0x00007ffe80230000 - 0x00007ffe80585000 	C:\Windows\System32\combase.dll
0x00007ffe808f0000 - 0x00007ffe8105f000 	C:\Windows\System32\SHELL32.dll
0x00007ffe7d7a0000 - 0x00007ffe7df43000 	C:\Windows\SYSTEM32\windows.storage.dll
0x00007ffe7f0b0000 - 0x00007ffe7f0db000 	C:\Windows\SYSTEM32\Wldp.dll
0x00007ffe80660000 - 0x00007ffe8072d000 	C:\Windows\System32\OLEAUT32.dll
0x00007ffe81470000 - 0x00007ffe8151d000 	C:\Windows\System32\SHCORE.dll
0x00007ffe807c0000 - 0x00007ffe80815000 	C:\Windows\System32\shlwapi.dll
0x00007ffe7f690000 - 0x00007ffe7f6b5000 	C:\Windows\SYSTEM32\profapi.dll
0x00007ffe73280000 - 0x00007ffe73297000 	C:\Users\Kamil\.jdks\openjdk-23.0.2\bin\zip.dll
0x00007ffe79840000 - 0x00007ffe79850000 	C:\Users\Kamil\.jdks\openjdk-23.0.2\bin\net.dll
0x00007ffe7ee90000 - 0x00007ffe7eefc000 	C:\Windows\system32\mswsock.dll
0x00007ffe76630000 - 0x00007ffe76646000 	C:\Users\Kamil\.jdks\openjdk-23.0.2\bin\nio.dll
0x00007ffe7eb90000 - 0x00007ffe7ec5a000 	C:\Windows\SYSTEM32\DNSAPI.dll
0x00007ffe7eb40000 - 0x00007ffe7eb7b000 	C:\Windows\SYSTEM32\IPHLPAPI.DLL
0x00007ffe81ac0000 - 0x00007ffe81ac8000 	C:\Windows\System32\NSI.dll
0x00007ffe78330000 - 0x00007ffe7833a000 	C:\Windows\System32\rasadhlp.dll
0x00007ffe76320000 - 0x00007ffe763a0000 	C:\Windows\System32\fwpuclnt.dll
0x00007ffe77dd0000 - 0x00007ffe77dd9000 	C:\Users\Kamil\.jdks\openjdk-23.0.2\bin\extnet.dll
0x00007ffe766e0000 - 0x00007ffe766ea000 	C:\Users\Kamil\.jdks\openjdk-23.0.2\bin\management.dll
0x00007ffe766d0000 - 0x00007ffe766db000 	C:\Users\Kamil\.jdks\openjdk-23.0.2\bin\management_ext.dll
0x00007ffe81cb0000 - 0x00007ffe81cb8000 	C:\Windows\System32\PSAPI.DLL

dbghelp: loaded successfully - version: 4.0.5 - missing functions: none
symbol engine: initialized successfully - sym options: 0x614 - pdb path: .;C:\Users\Kamil\.jdks\openjdk-23.0.2\bin;C:\Windows\SYSTEM32;C:\Windows\WinSxS\amd64_microsoft.windows.common-controls_6595b64144ccf1df_6.0.19041.4355_none_60b8b9eb71f62e16;C:\Users\Kamil\.jdks\openjdk-23.0.2\bin\server

VM Arguments:
jvm_args: -XX:TieredStopAtLevel=1 -Dspring.output.ansi.enabled=always -Dcom.sun.management.jmxremote -Dspring.jmx.enabled=true -Dspring.liveBeansView.mbeanDomain -Dspring.application.admin.enabled=true -Dmanagement.endpoints.jmx.exposure.include=* -javaagent:C:\Program Files\JetBrains\IntelliJ IDEA 2024.3.4.1\lib\idea_rt.jar=61404 -Dfile.encoding=UTF-8 -Dsun.stdout.encoding=UTF-8 -Dsun.stderr.encoding=UTF-8 
java_command: pl.projekt.backend.BackendApplication
java_class_path (initial): D:\pd-projekt\Projekt-Programowanie-Defensywne\backend\target\classes;C:\Users\Kamil\.m2\repository\org\springframework\boot\spring-boot-starter-data-jpa\3.4.4\spring-boot-starter-data-jpa-3.4.4.jar;C:\Users\Kamil\.m2\repository\org\springframework\boot\spring-boot-starter\3.4.4\spring-boot-starter-3.4.4.jar;C:\Users\Kamil\.m2\repository\org\springframework\boot\spring-boot-starter-logging\3.4.4\spring-boot-starter-logging-3.4.4.jar;C:\Users\Kamil\.m2\repository\ch\qos\logback\logback-classic\1.5.18\logback-classic-1.5.18.jar;C:\Users\Kamil\.m2\repository\ch\qos\logback\logback-core\1.5.18\logback-core-1.5.18.jar;C:\Users\Kamil\.m2\repository\org\apache\logging\log4j\log4j-to-slf4j\2.24.3\log4j-to-slf4j-2.24.3.jar;C:\Users\Kamil\.m2\repository\org\apache\logging\log4j\log4j-api\2.24.3\log4j-api-2.24.3.jar;C:\Users\Kamil\.m2\repository\org\slf4j\jul-to-slf4j\2.0.17\jul-to-slf4j-2.0.17.jar;C:\Users\Kamil\.m2\repository\jakarta\annotation\jakarta.annotation-api\2.1.1\jakarta.annotation-api-2.1.1.jar;C:\Users\Kamil\.m2\repository\org\yaml\snakeyaml\2.3\snakeyaml-2.3.jar;C:\Users\Kamil\.m2\repository\org\springframework\boot\spring-boot-starter-jdbc\3.4.4\spring-boot-starter-jdbc-3.4.4.jar;C:\Users\Kamil\.m2\repository\com\zaxxer\HikariCP\5.1.0\HikariCP-5.1.0.jar;C:\Users\Kamil\.m2\repository\org\springframework\spring-jdbc\6.2.5\spring-jdbc-6.2.5.jar;C:\Users\Kamil\.m2\repository\org\hibernate\orm\hibernate-core\6.6.11.Final\hibernate-core-6.6.11.Final.jar;C:\Users\Kamil\.m2\repository\jakarta\persistence\jakarta.persistence-api\3.1.0\jakarta.persistence-api-3.1.0.jar;C:\Users\Kamil\.m2\repository\jakarta\transaction\jakarta.transaction-api\2.0.1\jakarta.transaction-api-2.0.1.jar;C:\Users\Kamil\.m2\repository\org\jboss\logging\jboss-logging\3.6.1.Final\jboss-logging-3.6.1.Final.jar;C:\Users\Kamil\.m2\repository\org\hibernate\common\hibernate-commons-annotations\7.0.3.Final\hibernate-commons-annotations-7.0.3.Final.jar;C:\Users\Kamil\.m2\repository\io\smallrye\jandex\3.2.0\jandex-3.2.0.jar;C:\Users\Kamil\.m2\repository\com\fasterxml\classmate\1.7.0\classmate-1.7.0.jar;C:\Users\Kamil\.m2\repository\net\bytebuddy\byte-buddy\1.15.11\byte-buddy-1.15.11.jar;C:\Users\Kamil\.m2\repository\org\glassfish\jaxb\jaxb-runtime\4.0.5\jaxb-runtime-4.0.5.jar;C:\Users\Kamil\.m2\repository\org\glassfish\jaxb\jaxb-core\4.0.5\jaxb-core-4.0.5.jar;C:\Users\Kamil\.m2\repository\org\eclipse\angus\angus-activation\2.0.2\angus-activation-2.0.2.jar;C:\Users\Kamil\.m2\repository\org\glassfish\jaxb\txw2\4.0.5\txw2-4.0.5.jar;C:\Users\Kamil\.m2\repository\com\sun\istack\istack-commons-runtime\4.1.2\istack-commons-runtime-4.1.2.jar;C:\Users\Kamil\.m2\repository\jakarta\inject\jakarta.inject-api\2.0.1\jakarta.inject-api-2.0.1.jar;C:\Users\Kamil\.m2\repository\org\antlr\antlr4-runtime\4.13.0\antlr4-runtime-4.13.0.jar;C:\Users\Kamil\.m2\repository\org\springframework\data\spring-data-jpa\3.4.4\spring-data-jpa-3.4.4.jar;C:\Users\Kamil\.m2\repository\org\springframework\data\spring-data-commons\3.4.4\spring-data-commons-3.4.4.jar;C:\Users\Kamil\.m2\repository\org\springframework\spring-orm\6.2.5\spring-orm-6.2.5.jar;C:\Users\Kamil\.m2\repository\org\springframework\spring-context\6.2.5\spring-context-6.2.5.jar;C:\Users\Kamil\.m2\repository\org\springframework\spring-tx\6.2.5\spring-tx-6.2.5.jar;C:\Users\Kamil\.m2\repository\org\springframework\spring-beans\6.2.5\spring-beans-6.2.5.jar;C:\Users\Kamil\.m2\repository\org\slf4j\slf4j-api\2.0.17\slf4j-api-2.0.17.jar;C:\Users\Kamil\.m2\repository\org\springframework\spring-aspects\6.2.5\spring-aspects-6.2.5.jar;C:\Users\Kamil\.m2\repository\org\aspectj\aspectjweaver\1.9.23\aspectjweaver-1.9.23.jar;C:\Users\Kamil\.m2\repository\org\springframework\boot\spring-boot-starter-security\3.4.4\spring-boot-starter-security-3.4.4.jar;C:\Users\Kamil\.m2\repository\org\springframework\spring-aop\6.2.5\spring-aop-6.2.5.jar;C:\Users\Kamil\.m2\repository\org\springframework\security\spring-security-config\6.4.4\spring-security-config-6.4.4.jar;C:\Users\Kamil\.m2\repository\org\springframework\security\spring-security-web\6.4.4\spring-security-web-6.4.4.jar;C:\Users\Kamil\.m2\repository\org\springframework\spring-expression\6.2.5\spring-expression-6.2.5.jar;C:\Users\Kamil\.m2\repository\org\springframework\boot\spring-boot-starter-validation\3.4.4\spring-boot-starter-validation-3.4.4.jar;C:\Users\Kamil\.m2\repository\org\apache\tomcat\embed\tomcat-embed-el\10.1.39\tomcat-embed-el-10.1.39.jar;C:\Users\Kamil\.m2\repository\org\hibernate\validator\hibernate-validator\8.0.2.Final\hibernate-validator-8.0.2.Final.jar;C:\Users\Kamil\.m2\repository\jakarta\validation\jakarta.validation-api\3.0.2\jakarta.validation-api-3.0.2.jar;C:\Users\Kamil\.m2\repository\org\springframework\boot\spring-boot-starter-web\3.4.4\spring-boot-starter-web-3.4.4.jar;C:\Users\Kamil\.m2\repository\org\springframework\boot\spring-boot-starter-json\3.4.4\spring-boot-starter-json-3.4.4.jar;C:\Users\Kamil\.m2\repository\com\fasterxml\jackson\datatype\jackson-datatype-jdk8\2.18.3\jackson-datatype-jdk8-2.18.3.jar;C:\Users\Kamil\.m2\repository\com\fasterxml\jackson\datatype\jackson-datatype-jsr310\2.18.3\jackson-datatype-jsr310-2.18.3.jar;C:\Users\Kamil\.m2\repository\com\fasterxml\jackson\module\jackson-module-parameter-names\2.18.3\jackson-module-parameter-names-2.18.3.jar;C:\Users\Kamil\.m2\repository\org\springframework\boot\spring-boot-starter-tomcat\3.4.4\spring-boot-starter-tomcat-3.4.4.jar;C:\Users\Kamil\.m2\repository\org\apache\tomcat\embed\tomcat-embed-core\10.1.39\tomcat-embed-core-10.1.39.jar;C:\Users\Kamil\.m2\repository\org\apache\tomcat\embed\tomcat-embed-websocket\10.1.39\tomcat-embed-websocket-10.1.39.jar;C:\Users\Kamil\.m2\repository\org\springframework\spring-web\6.2.5\spring-web-6.2.5.jar;C:\Users\Kamil\.m2\repository\io\micrometer\micrometer-observation\1.14.5\micrometer-observation-1.14.5.jar;C:\Users\Kamil\.m2\repository\io\micrometer\micrometer-commons\1.14.5\micrometer-commons-1.14.5.jar;C:\Users\Kamil\.m2\repository\org\springframework\spring-webmvc\6.2.5\spring-webmvc-6.2.5.jar;C:\Users\Kamil\.m2\repository\org\springframework\boot\spring-boot-devtools\3.4.4\spring-boot-devtools-3.4.4.jar;C:\Users\Kamil\.m2\repository\org\springframework\boot\spring-boot\3.4.4\spring-boot-3.4.4.jar;C:\Users\Kamil\.m2\repository\org\springframework\boot\spring-boot-autoconfigure\3.4.4\spring-boot-autoconfigure-3.4.4.jar;C:\Users\Kamil\.m2\repository\org\postgresql\postgresql\42.7.5\postgresql-42.7.5.jar;C:\Users\Kamil\.m2\repository\org\checkerframework\checker-qual\3.48.3\checker-qual-3.48.3.jar;C:\Users\Kamil\.m2\repository\org\projectlombok\lombok\1.18.36\lombok-1.18.36.jar;C:\Users\Kamil\.m2\repository\jakarta\xml\bind\jakarta.xml.bind-api\4.0.2\jakarta.xml.bind-api-4.0.2.jar;C:\Users\Kamil\.m2\repository\jakarta\activation\jakarta.activation-api\2.1.3\jakarta.activation-api-2.1.3.jar;C:\Users\Kamil\.m2\repository\org\springframework\spring-core\6.2.5\spring-core-6.2.5.jar;C:\Users\Kamil\.m2\repository\org\springframework\spring-jcl\6.2.5\spring-jcl-6.2.5.jar;C:\Users\Kamil\.m2\repository\org\springframework\security\spring-security-core\6.4.4\spring-security-core-6.4.4.jar;C:\Users\Kamil\.m2\repository\org\springframework\security\spring-security-crypto\6.4.4\spring-security-crypto-6.4.4.jar;C:\Users\Kamil\.m2\repository\io\jsonwebtoken\jjwt-api\0.11.5\jjwt-api-0.11.5.jar;C:\Users\Kamil\.m2\repository\io\jsonwebtoken\jjwt-impl\0.11.5\jjwt-impl-0.11.5.jar;C:\Users\Kamil\.m2\repository\io\jsonwebtoken\jjwt-jackson\0.11.5\jjwt-jackson-0.11.5.jar;C:\Users\Kamil\.m2\repository\com\fasterxml\jackson\core\jackson-databind\2.18.3\jackson-databind-2.18.3.jar;C:\Users\Kamil\.m2\repository\com\fasterxml\jackson\core\jackson-annotations\2.18.3\jackson-annotations-2.18.3.jar;C:\Users\Kamil\.m2\repository\com\fasterxml\jackson\core\jackson-core\2.18.3\jackson-core-2.18.3.jar;C:\Users\Kamil\.m2\repository\dev\samstevens\totp\totp\1.7.1\totp-1.7.1.jar;C:\Users\Kamil\.m2\repository\commons-codec\commons-codec\1.17.2\commons-codec-1.17.2.jar;C:\Users\Kamil\.m2\repository\com\google\zxing\core\3.4.0\core-3.4.0.jar;C:\Users\Kamil\.m2\repository\com\google\zxing\javase\3.4.0\javase-3.4.0.jar;C:\Users\Kamil\.m2\repository\com\beust\jcommander\1.72\jcommander-1.72.jar;C:\Users\Kamil\.m2\repository\com\github\jai-imageio\jai-imageio-core\1.4.0\jai-imageio-core-1.4.0.jar;C:\Users\Kamil\.m2\repository\org\springdoc\springdoc-openapi-starter-webmvc-ui\2.1.0\springdoc-openapi-starter-webmvc-ui-2.1.0.jar;C:\Users\Kamil\.m2\repository\org\springdoc\springdoc-openapi-starter-webmvc-api\2.1.0\springdoc-openapi-starter-webmvc-api-2.1.0.jar;C:\Users\Kamil\.m2\repository\org\springdoc\springdoc-openapi-starter-common\2.1.0\springdoc-openapi-starter-common-2.1.0.jar;C:\Users\Kamil\.m2\repository\io\swagger\core\v3\swagger-core-jakarta\2.2.9\swagger-core-jakarta-2.2.9.jar;C:\Users\Kamil\.m2\repository\org\apache\commons\commons-lang3\3.17.0\commons-lang3-3.17.0.jar;C:\Users\Kamil\.m2\repository\io\swagger\core\v3\swagger-annotations-jakarta\2.2.9\swagger-annotations-jakarta-2.2.9.jar;C:\Users\Kamil\.m2\repository\io\swagger\core\v3\swagger-models-jakarta\2.2.9\swagger-models-jakarta-2.2.9.jar;C:\Users\Kamil\.m2\repository\com\fasterxml\jackson\dataformat\jackson-dataformat-yaml\2.18.3\jackson-dataformat-yaml-2.18.3.jar;C:\Users\Kamil\.m2\repository\org\webjars\swagger-ui\4.18.2\swagger-ui-4.18.2.jar
Launcher Type: SUN_STANDARD

[Global flags]
     intx CICompilerCount                          = 12                                        {product} {ergonomic}
     uint ConcGCThreads                            = 3                                         {product} {ergonomic}
     uint G1ConcRefinementThreads                  = 13                                        {product} {ergonomic}
   size_t G1HeapRegionSize                         = 2097152                                   {product} {ergonomic}
   size_t InitialHeapSize                          = 257949696                                 {product} {ergonomic}
     bool ManagementServer                         = true                                      {product} {command line}
   size_t MarkStackSize                            = 4194304                                   {product} {ergonomic}
   size_t MarkStackSizeMax                         = 536870912                                 {product} {ergonomic}
   size_t MaxHeapSize                              = 4127195136                                {product} {ergonomic}
   size_t MaxNewSize                               = 2474639360                                {product} {ergonomic}
   size_t MinHeapDeltaBytes                        = 2097152                                   {product} {ergonomic}
   size_t MinHeapSize                              = 8388608                                   {product} {ergonomic}
    uintx NonNMethodCodeHeapSize                   = 4096                                   {pd product} {ergonomic}
    uintx NonProfiledCodeHeapSize                  = 0                                      {pd product} {ergonomic}
     bool ProfileInterpreter                       = false                                  {pd product} {command line}
    uintx ProfiledCodeHeapSize                     = 0                                      {pd product} {ergonomic}
   size_t SoftMaxHeapSize                          = 4127195136                             {manageable} {ergonomic}
     intx TieredStopAtLevel                        = 1                                         {product} {command line}
     bool UseCompressedOops                        = true                           {product lp64_product} {ergonomic}
     bool UseG1GC                                  = true                                      {product} {ergonomic}
     bool UseLargePagesIndividualAllocation        = false                                  {pd product} {ergonomic}

Logging:
Log output configuration:
 #0: stdout all=warning uptime,level,tags foldmultilines=false
 #1: stderr all=off uptime,level,tags foldmultilines=false

Environment Variables:
PATH=C:\Users\Kamil\AppData\Local\Programs\Python\Python313\Scripts\;C:\Users\Kamil\AppData\Local\Programs\Python\Python313\;C:\Windows\system32;C:\Windows;C:\Windows\System32\Wbem;C:\Windows\System32\WindowsPowerShell\v1.0\;C:\Windows\System32\OpenSSH\;C:\Program Files\NVIDIA Corporation\NVIDIA app\NvDLISR;C:\Program Files (x86)\NVIDIA Corporation\PhysX\Common;C:\Program Files\Git\cmd;C:\Program Files\NVIDIA Corporation\NVIDIA NvDLISR;C:\Program Files\dotnet\;C:\Program Files (x86)\Windows Kits\10\Windows Performance Toolkit\;C:\Program Files\Docker\Docker\resources\bin;C:\Program Files\nodejs\;C:\ProgramData\chocolatey\bin;C:\Users\Kamil\AppData\Local\Programs\Python\Launcher\;C:\Users\Kamil\AppData\Local\Microsoft\WindowsApps;C:\Users\Kamil\AppData\Local\Programs\Microsoft VS Code\bin;C:\Users\Kamil\.dotnet\tools;C:\Users\Kamil\AppData\Roaming\npm
USERNAME=Kamil
OS=Windows_NT
PROCESSOR_IDENTIFIER=AMD64 Family 23 Model 96 Stepping 1, AuthenticAMD
TMP=C:\Users\Kamil\AppData\Local\Temp
TEMP=C:\Users\Kamil\AppData\Local\Temp




Periodic native trim disabled

---------------  S Y S T E M  ---------------

OS:
 Windows 10 , 64 bit Build 19041 (10.0.19041.5678)
OS uptime: 0 days 5:14 hours
Hyper-V role detected

CPU: total 16 (initial active 16) (16 cores per cpu, 2 threads per core) family 23 model 96 stepping 1 microcode 0x0, cx8, cmov, fxsr, ht, mmx, 3dnowpref, sse, sse2, sse3, ssse3, sse4a, sse4.1, sse4.2, popcnt, lzcnt, tsc, tscinvbit, avx, avx2, aes, clmul, bmi1, bmi2, adx, sha, fma, vzeroupper, clflush, clflushopt, hv, rdtscp, rdpid, f16c
Processor Information for the first 16 processors :
  Max Mhz: 2900, Current Mhz: 2900, Mhz Limit: 2900

Memory: 4k page, system-wide physical 15741M (405M free)
TotalPageFile size 54659M (AvailPageFile size 0M)
current process WorkingSet (physical memory assigned to process): 60M, peak: 60M
current process commit charge ("private bytes"): 347M, peak: 347M

vm_info: OpenJDK 64-Bit Server VM (23.0.2+7-58) for windows-amd64 JRE (23.0.2+7-58), built on 2024-11-29T09:34:55Z with MS VC++ 17.6 (VS2022)

END.
